19.05.2024 - 21:00:23 - [TAB v4.1.4] Failed to enable. Did you just invent a new way to break the plugin by misconfiguring it?
19.05.2024 - 21:00:23 - java.lang.ArrayIndexOutOfBoundsException: Index 0 out of bounds for length 0
19.05.2024 - 21:00:23 - 	at TAB v4.1.4.jar//me.neznamy.tab.libs.me.neznamy.yamlassist.types.BadIndentation.checkForIndent(BadIndentation.java:30)
19.05.2024 - 21:00:23 - 	at TAB v4.1.4.jar//me.neznamy.tab.libs.me.neznamy.yamlassist.types.BadIndentation.getSuggestions(BadIndentation.java:17)
19.05.2024 - 21:00:23 - 	at TAB v4.1.4.jar//me.neznamy.tab.libs.me.neznamy.yamlassist.YamlAssist.getSuggestions(YamlAssist.java:63)
19.05.2024 - 21:00:23 - 	at TAB v4.1.4.jar//me.neznamy.tab.shared.config.file.YamlConfigurationFile.<init>(YamlConfigurationFile.java:61)
19.05.2024 - 21:00:23 - 	at TAB v4.1.4.jar//me.neznamy.tab.shared.config.Configs.<init>(Configs.java:31)
19.05.2024 - 21:00:23 - 	at TAB v4.1.4.jar//me.neznamy.tab.shared.TAB.load(TAB.java:171)
19.05.2024 - 21:00:23 - 	at TAB v4.1.4.jar//me.neznamy.tab.shared.command.ReloadCommand.execute(ReloadCommand.java:24)
19.05.2024 - 21:00:23 - 	at TAB v4.1.4.jar//me.neznamy.tab.shared.command.TabCommand.execute(TabCommand.java:52)
19.05.2024 - 21:00:23 - 	at TAB v4.1.4.jar//me.neznamy.tab.platforms.bukkit.BukkitTabCommand.onCommand(BukkitTabCommand.java:34)
19.05.2024 - 21:00:23 - 	at org.bukkit.command.PluginCommand.execute(PluginCommand.java:45)
19.05.2024 - 21:00:23 - 	at org.bukkit.command.SimpleCommandMap.dispatch(SimpleCommandMap.java:155)
19.05.2024 - 21:00:23 - 	at org.bukkit.craftbukkit.v1_20_R3.CraftServer.dispatchCommand(CraftServer.java:999)
19.05.2024 - 21:00:23 - 	at org.bukkit.craftbukkit.v1_20_R3.command.BukkitCommandWrapper.run(BukkitCommandWrapper.java:64)
19.05.2024 - 21:00:23 - 	at com.mojang.brigadier.context.ContextChain.runExecutable(ContextChain.java:73)
19.05.2024 - 21:00:23 - 	at net.minecraft.commands.execution.tasks.ExecuteCommand.a(ExecuteCommand.java:31)
19.05.2024 - 21:00:23 - 	at net.minecraft.commands.execution.tasks.ExecuteCommand.execute(ExecuteCommand.java:19)
19.05.2024 - 21:00:23 - 	at net.minecraft.commands.execution.UnboundEntryAction.a(UnboundEntryAction.java:8)
19.05.2024 - 21:00:23 - 	at net.minecraft.commands.execution.CommandQueueEntry.a(CommandQueueEntry.java:5)
19.05.2024 - 21:00:23 - 	at net.minecraft.commands.execution.ExecutionContext.a(ExecutionContext.java:103)
19.05.2024 - 21:00:23 - 	at net.minecraft.commands.CommandDispatcher.a(CommandDispatcher.java:434)
19.05.2024 - 21:00:23 - 	at net.minecraft.commands.CommandDispatcher.performCommand(CommandDispatcher.java:336)
19.05.2024 - 21:00:23 - 	at net.minecraft.commands.CommandDispatcher.a(CommandDispatcher.java:323)
19.05.2024 - 21:00:23 - 	at net.minecraft.server.network.PlayerConnection.a(PlayerConnection.java:2230)
19.05.2024 - 21:00:23 - 	at net.minecraft.server.network.PlayerConnection.lambda$handleChatCommand$14(PlayerConnection.java:2190)
19.05.2024 - 21:00:23 - 	at net.minecraft.util.thread.IAsyncTaskHandler.b(IAsyncTaskHandler.java:59)
19.05.2024 - 21:00:23 - 	at java.base/java.util.concurrent.CompletableFuture$AsyncSupply.run(CompletableFuture.java:1768)
19.05.2024 - 21:00:23 - 	at net.minecraft.server.TickTask.run(TickTask.java:18)
19.05.2024 - 21:00:23 - 	at net.minecraft.util.thread.IAsyncTaskHandler.d(IAsyncTaskHandler.java:149)
19.05.2024 - 21:00:23 - 	at net.minecraft.util.thread.IAsyncTaskHandlerReentrant.d(IAsyncTaskHandlerReentrant.java:24)
19.05.2024 - 21:00:23 - 	at net.minecraft.server.MinecraftServer.b(MinecraftServer.java:1465)
19.05.2024 - 21:00:23 - 	at net.minecraft.server.MinecraftServer.d(MinecraftServer.java:194)
19.05.2024 - 21:00:23 - 	at net.minecraft.util.thread.IAsyncTaskHandler.x(IAsyncTaskHandler.java:123)
19.05.2024 - 21:00:23 - 	at net.minecraft.server.MinecraftServer.bl(MinecraftServer.java:1442)
19.05.2024 - 21:00:23 - 	at net.minecraft.server.MinecraftServer.x(MinecraftServer.java:1365)
19.05.2024 - 21:00:23 - 	at net.minecraft.util.thread.IAsyncTaskHandler.bu(IAsyncTaskHandler.java:112)
19.05.2024 - 21:00:23 - 	at net.minecraft.server.MinecraftServer.a(MinecraftServer.java:1557)
19.05.2024 - 21:00:23 - 	at net.minecraft.server.MinecraftServer.w(MinecraftServer.java:1226)
19.05.2024 - 21:00:23 - 	at net.minecraft.server.MinecraftServer.lambda$spin$0(MinecraftServer.java:319)
19.05.2024 - 21:00:23 - 	at java.base/java.lang.Thread.run(Thread.java:840)
19.05.2024 - 21:00:50 - [TAB v4.1.4] Failed to enable. Did you just invent a new way to break the plugin by misconfiguring it?
19.05.2024 - 21:00:50 - java.lang.ArrayIndexOutOfBoundsException: Index 0 out of bounds for length 0
19.05.2024 - 21:00:50 - 	at TAB v4.1.4.jar//me.neznamy.tab.libs.me.neznamy.yamlassist.types.BadIndentation.checkForIndent(BadIndentation.java:30)
19.05.2024 - 21:00:50 - 	at TAB v4.1.4.jar//me.neznamy.tab.libs.me.neznamy.yamlassist.types.BadIndentation.getSuggestions(BadIndentation.java:17)
19.05.2024 - 21:00:50 - 	at TAB v4.1.4.jar//me.neznamy.tab.libs.me.neznamy.yamlassist.YamlAssist.getSuggestions(YamlAssist.java:63)
19.05.2024 - 21:00:50 - 	at TAB v4.1.4.jar//me.neznamy.tab.shared.config.file.YamlConfigurationFile.<init>(YamlConfigurationFile.java:61)
19.05.2024 - 21:00:50 - 	at TAB v4.1.4.jar//me.neznamy.tab.shared.config.Configs.<init>(Configs.java:31)
19.05.2024 - 21:00:50 - 	at TAB v4.1.4.jar//me.neznamy.tab.shared.TAB.load(TAB.java:171)
19.05.2024 - 21:00:50 - 	at TAB v4.1.4.jar//me.neznamy.tab.shared.command.DisabledCommand.execute(DisabledCommand.java:30)
19.05.2024 - 21:00:50 - 	at TAB v4.1.4.jar//me.neznamy.tab.platforms.bukkit.BukkitTabCommand.onCommand(BukkitTabCommand.java:25)
19.05.2024 - 21:00:50 - 	at org.bukkit.command.PluginCommand.execute(PluginCommand.java:45)
19.05.2024 - 21:00:50 - 	at org.bukkit.command.SimpleCommandMap.dispatch(SimpleCommandMap.java:155)
19.05.2024 - 21:00:50 - 	at org.bukkit.craftbukkit.v1_20_R3.CraftServer.dispatchCommand(CraftServer.java:999)
19.05.2024 - 21:00:50 - 	at org.bukkit.craftbukkit.v1_20_R3.command.BukkitCommandWrapper.run(BukkitCommandWrapper.java:64)
19.05.2024 - 21:00:50 - 	at com.mojang.brigadier.context.ContextChain.runExecutable(ContextChain.java:73)
19.05.2024 - 21:00:50 - 	at net.minecraft.commands.execution.tasks.ExecuteCommand.a(ExecuteCommand.java:31)
19.05.2024 - 21:00:50 - 	at net.minecraft.commands.execution.tasks.ExecuteCommand.execute(ExecuteCommand.java:19)
19.05.2024 - 21:00:50 - 	at net.minecraft.commands.execution.UnboundEntryAction.a(UnboundEntryAction.java:8)
19.05.2024 - 21:00:50 - 	at net.minecraft.commands.execution.CommandQueueEntry.a(CommandQueueEntry.java:5)
19.05.2024 - 21:00:50 - 	at net.minecraft.commands.execution.ExecutionContext.a(ExecutionContext.java:103)
19.05.2024 - 21:00:50 - 	at net.minecraft.commands.CommandDispatcher.a(CommandDispatcher.java:434)
19.05.2024 - 21:00:50 - 	at net.minecraft.commands.CommandDispatcher.performCommand(CommandDispatcher.java:336)
19.05.2024 - 21:00:50 - 	at net.minecraft.commands.CommandDispatcher.a(CommandDispatcher.java:323)
19.05.2024 - 21:00:50 - 	at net.minecraft.server.network.PlayerConnection.a(PlayerConnection.java:2230)
19.05.2024 - 21:00:50 - 	at net.minecraft.server.network.PlayerConnection.lambda$handleChatCommand$14(PlayerConnection.java:2190)
19.05.2024 - 21:00:50 - 	at net.minecraft.util.thread.IAsyncTaskHandler.b(IAsyncTaskHandler.java:59)
19.05.2024 - 21:00:50 - 	at java.base/java.util.concurrent.CompletableFuture$AsyncSupply.run(CompletableFuture.java:1768)
19.05.2024 - 21:00:50 - 	at net.minecraft.server.TickTask.run(TickTask.java:18)
19.05.2024 - 21:00:50 - 	at net.minecraft.util.thread.IAsyncTaskHandler.d(IAsyncTaskHandler.java:149)
19.05.2024 - 21:00:50 - 	at net.minecraft.util.thread.IAsyncTaskHandlerReentrant.d(IAsyncTaskHandlerReentrant.java:24)
19.05.2024 - 21:00:50 - 	at net.minecraft.server.MinecraftServer.b(MinecraftServer.java:1465)
19.05.2024 - 21:00:50 - 	at net.minecraft.server.MinecraftServer.d(MinecraftServer.java:194)
19.05.2024 - 21:00:50 - 	at net.minecraft.util.thread.IAsyncTaskHandler.x(IAsyncTaskHandler.java:123)
19.05.2024 - 21:00:50 - 	at net.minecraft.server.MinecraftServer.bl(MinecraftServer.java:1442)
19.05.2024 - 21:00:50 - 	at net.minecraft.server.MinecraftServer.x(MinecraftServer.java:1365)
19.05.2024 - 21:00:50 - 	at net.minecraft.util.thread.IAsyncTaskHandler.c(IAsyncTaskHandler.java:133)
19.05.2024 - 21:00:50 - 	at net.minecraft.server.MinecraftServer.w_(MinecraftServer.java:1343)
19.05.2024 - 21:00:50 - 	at net.minecraft.server.MinecraftServer.w(MinecraftServer.java:1232)
19.05.2024 - 21:00:50 - 	at net.minecraft.server.MinecraftServer.lambda$spin$0(MinecraftServer.java:319)
19.05.2024 - 21:00:50 - 	at java.base/java.lang.Thread.run(Thread.java:840)
19.05.2024 - 21:00:56 - [TAB v4.1.4] Failed to enable. Did you just invent a new way to break the plugin by misconfiguring it?
19.05.2024 - 21:00:56 - java.lang.ArrayIndexOutOfBoundsException: Index 0 out of bounds for length 0
19.05.2024 - 21:00:56 - 	at TAB v4.1.4.jar//me.neznamy.tab.libs.me.neznamy.yamlassist.types.BadIndentation.checkForIndent(BadIndentation.java:30)
19.05.2024 - 21:00:56 - 	at TAB v4.1.4.jar//me.neznamy.tab.libs.me.neznamy.yamlassist.types.BadIndentation.getSuggestions(BadIndentation.java:17)
19.05.2024 - 21:00:56 - 	at TAB v4.1.4.jar//me.neznamy.tab.libs.me.neznamy.yamlassist.YamlAssist.getSuggestions(YamlAssist.java:63)
19.05.2024 - 21:00:56 - 	at TAB v4.1.4.jar//me.neznamy.tab.shared.config.file.YamlConfigurationFile.<init>(YamlConfigurationFile.java:61)
19.05.2024 - 21:00:56 - 	at TAB v4.1.4.jar//me.neznamy.tab.shared.config.Configs.<init>(Configs.java:31)
19.05.2024 - 21:00:56 - 	at TAB v4.1.4.jar//me.neznamy.tab.shared.TAB.load(TAB.java:171)
19.05.2024 - 21:00:56 - 	at TAB v4.1.4.jar//me.neznamy.tab.shared.command.DisabledCommand.execute(DisabledCommand.java:30)
19.05.2024 - 21:00:56 - 	at TAB v4.1.4.jar//me.neznamy.tab.platforms.bukkit.BukkitTabCommand.onCommand(BukkitTabCommand.java:25)
19.05.2024 - 21:00:56 - 	at org.bukkit.command.PluginCommand.execute(PluginCommand.java:45)
19.05.2024 - 21:00:56 - 	at org.bukkit.command.SimpleCommandMap.dispatch(SimpleCommandMap.java:155)
19.05.2024 - 21:00:56 - 	at org.bukkit.craftbukkit.v1_20_R3.CraftServer.dispatchCommand(CraftServer.java:999)
19.05.2024 - 21:00:56 - 	at org.bukkit.craftbukkit.v1_20_R3.command.BukkitCommandWrapper.run(BukkitCommandWrapper.java:64)
19.05.2024 - 21:00:56 - 	at com.mojang.brigadier.context.ContextChain.runExecutable(ContextChain.java:73)
19.05.2024 - 21:00:56 - 	at net.minecraft.commands.execution.tasks.ExecuteCommand.a(ExecuteCommand.java:31)
19.05.2024 - 21:00:56 - 	at net.minecraft.commands.execution.tasks.ExecuteCommand.execute(ExecuteCommand.java:19)
19.05.2024 - 21:00:56 - 	at net.minecraft.commands.execution.UnboundEntryAction.a(UnboundEntryAction.java:8)
19.05.2024 - 21:00:56 - 	at net.minecraft.commands.execution.CommandQueueEntry.a(CommandQueueEntry.java:5)
19.05.2024 - 21:00:56 - 	at net.minecraft.commands.execution.ExecutionContext.a(ExecutionContext.java:103)
19.05.2024 - 21:00:56 - 	at net.minecraft.commands.CommandDispatcher.a(CommandDispatcher.java:434)
19.05.2024 - 21:00:56 - 	at net.minecraft.commands.CommandDispatcher.performCommand(CommandDispatcher.java:336)
19.05.2024 - 21:00:56 - 	at net.minecraft.commands.CommandDispatcher.a(CommandDispatcher.java:323)
19.05.2024 - 21:00:56 - 	at net.minecraft.server.network.PlayerConnection.a(PlayerConnection.java:2230)
19.05.2024 - 21:00:56 - 	at net.minecraft.server.network.PlayerConnection.lambda$handleChatCommand$14(PlayerConnection.java:2190)
19.05.2024 - 21:00:56 - 	at net.minecraft.util.thread.IAsyncTaskHandler.b(IAsyncTaskHandler.java:59)
19.05.2024 - 21:00:56 - 	at java.base/java.util.concurrent.CompletableFuture$AsyncSupply.run(CompletableFuture.java:1768)
19.05.2024 - 21:00:56 - 	at net.minecraft.server.TickTask.run(TickTask.java:18)
19.05.2024 - 21:00:56 - 	at net.minecraft.util.thread.IAsyncTaskHandler.d(IAsyncTaskHandler.java:149)
19.05.2024 - 21:00:56 - 	at net.minecraft.util.thread.IAsyncTaskHandlerReentrant.d(IAsyncTaskHandlerReentrant.java:24)
19.05.2024 - 21:00:56 - 	at net.minecraft.server.MinecraftServer.b(MinecraftServer.java:1465)
19.05.2024 - 21:00:56 - 	at net.minecraft.server.MinecraftServer.d(MinecraftServer.java:194)
19.05.2024 - 21:00:56 - 	at net.minecraft.util.thread.IAsyncTaskHandler.x(IAsyncTaskHandler.java:123)
19.05.2024 - 21:00:56 - 	at net.minecraft.server.MinecraftServer.bl(MinecraftServer.java:1442)
19.05.2024 - 21:00:56 - 	at net.minecraft.server.MinecraftServer.x(MinecraftServer.java:1365)
19.05.2024 - 21:00:56 - 	at net.minecraft.util.thread.IAsyncTaskHandler.c(IAsyncTaskHandler.java:133)
19.05.2024 - 21:00:56 - 	at net.minecraft.server.MinecraftServer.w_(MinecraftServer.java:1343)
19.05.2024 - 21:00:56 - 	at net.minecraft.server.MinecraftServer.w(MinecraftServer.java:1232)
19.05.2024 - 21:00:56 - 	at net.minecraft.server.MinecraftServer.lambda$spin$0(MinecraftServer.java:319)
19.05.2024 - 21:00:56 - 	at java.base/java.lang.Thread.run(Thread.java:840)
